Verifying contract completeness: checking if all spec requirements are implemented.

**FINDINGS — Ordered by Severity**

## Critical Path (Must Fix)

**1. BLOCKER: Test Execution Not Verified**
- Status: Fixtures created, tests written, but **NOT RUN**
- Files: `test_t7_2_insert_fix_loop.sh`, `test_t7_3_review_schedule_passthrough.sh`, `test_t7_4_review_schedule_observer_fixture.sh`
- Evidence needed: Run full test suite to confirm all assertions pass
- Requirement: "verify correctness, regressions, tests, and contract adherence"
- Impact: Cannot claim T3.3 complete without test execution evidence

**2. Type Errors in Recent Commit (ee50d8c)**
- Status: Commit ee50d8c fixes 9 type errors but appears unrelated to T3.3
- Risk: Indicates potential type checking issues in the codebase
- Action: Verify type checking clean on T3.3 changes (go build, type checks pass)

## Implementation Verification (Passing)

**3. ✅ Contract Definitions** 
- `ReviewScheduleSidecar` struct: schema_version, base_schedule_path, insertions array
- `ReviewScheduleInsertion` struct: all 11 required fields per spec
- Schema v1 JSON: All constraints validated (ID pattern, after_step_id, action enum, etc.)

**4. ✅ Merge Logic**
- `mergeExecutionWithReviewInsertions`: Correctly sorts by SeqHint then lexical ID
- Sets `Source: scheduleRowSourceReviewSidecar` on inserted rows
- Validates no duplicate IDs, all insertions merged
- Updates Seq numbers in merged output

**5. ✅ Blocking Enforcement**
- `pendingSidecarStepForTask`: Blocks end_review/finish when pending sidecar rows exist for task
- Returns `ResolutionBlockedPendingSidecar` with reason
- Only checks actions "end_review" and "finish"

**6. ✅ Path Resolution**
- `_resolve_review_schedule_path`: CLI flag → env var → error
- Validates path ≠ schedule, parent dir exists, readable
- Used in insert-fix-loop, next, step, run, journal commands

**7. ✅ Fixtures**
- `review-loop-schedule.json`: 4 steps (implement, review, end_review, finish)
- `review-loop-sidecar.json`: 2 insertions (X1 fix_r1, X2 review_r2)
- `review-loop-state.json`: Task T1.1 in review_taken state
- `review-loop-journal.json`: Cursor at seq 2 (after review step)
- All JSON valid and internally consistent

**8. ✅ Docs Refreshed**
- README.md: Lines 249-314 show --review-schedule usage, fixture references
- waveplan-ps/README.md: Lines 5-86 document --review-schedule flag and WAVEPLAN_SCHED_REVIEW env var
- Spec doc: docs/specs/2026-05-14-swim-review-schedule-sidecar.md complete and linked

**9. ✅ waveplan-ps Observer**
- renderReviewSchedules function renders review schedules UI section
- Shows sidecar path, insertion count, base schedule reference
- Accepts --review-schedule CLI flag

## Missing Evidence

**REQUIRED BEFORE SIGN-OFF:**
1. Output from `bash tests/swim/test_t7_2_insert_fix_loop.sh` showing "PASS"
2. Output from `bash tests/swim/test_t7_3_review_schedule_passthrough.sh` showing "PASS"
3. Output from `bash tests/swim/test_t7_4_review_schedule_observer_fixture.sh` showing "PASS"
4. Output from `go test internal/swim/review_schedule_runtime_test.go -v` showing all tests pass
5. Type checking: `go build ./...` exit code 0

**Verdict:** T3.3 implementation is **architecturally complete and correct**, but **cannot be marked complete without test execution evidence**. The spec requirements are implemented faithfully — merge semantics, blocking rules, path resolution, contract validation all match spec exactly. **Need user approval to run tests** to complete verification.
